<?xml version="1.0" encoding="UTF-8"?>
<testsuites>
    <testsuite name=";transfer-money-between-my-accounts" tests="9" failures="0" skipped="0">
        <properties>
            <property name="URI" value="C:/Users/HP/Desktop/Bank-selenium-testautomation/features/bank.feature">
            </property>
        </properties>
        <testcase name="Given that I am on the login page" classname=";transfer-money-between-my-accounts" time="4.366385581">
        </testcase>
        <testcase name="And that I enter my user name as &apos;Mirza&apos; and password as &apos;tester&apos;" classname=";transfer-money-between-my-accounts" time="1.164122095">
        </testcase>
        <testcase name="When I press the login button" classname=";transfer-money-between-my-accounts" time="1.001855447">
        </testcase>
        <testcase name="Then I should get access to my account" classname=";transfer-money-between-my-accounts" time="1.077987314">
        </testcase>
        <testcase name="When I press &apos;Överföringar mina konton&apos; button" classname=";transfer-money-between-my-accounts" time="2.069212239">
        </testcase>
        <testcase name="And choose to transfer from &apos;Lönekonto&apos; to &apos;Sparkonto&apos;" classname=";transfer-money-between-my-accounts" time="6.466232271">
        </testcase>
        <testcase name="And enter the amount to be transferred" classname=";transfer-money-between-my-accounts" time="2.10151397">
        </testcase>
        <testcase name="When I press the &apos;Utför&apos; button" classname=";transfer-money-between-my-accounts" time="2.107200054">
        </testcase>
        <testcase name="Then I should be able to see the transfer" classname=";transfer-money-between-my-accounts" time="0.058956533">
        </testcase>
    </testsuite>
</testsuites>